2021-10-01 15:45:41,400 - Rosca - INFO - Getting users with pending invitations
2021-10-01 15:51:51,388 - Rosca - INFO - Getting users with pending invitations
2021-10-01 21:48:53,555 - Rosca - INFO - Getting users with pending invitations
2021-10-01 21:48:58,126 - Rosca - INFO - Getting users with pending invitations
2021-10-01 21:49:06,283 - Rosca - INFO - Getting users with pending invitations
2021-10-01 21:49:54,494 - Rosca - INFO - setGroupDates
2021-10-01 21:49:54,497 - Rosca - INFO - Getting winner at start
2021-10-03 17:12:30,749 - Rosca - INFO - Getting winner for 2nd to n-1 rounds
2021-10-03 17:26:59,007 - Rosca - INFO - Getting winner for 2nd to n-1 rounds
2021-10-03 17:56:29,256 - Rosca - INFO - Getting winner for 2nd to n-1 rounds
2021-10-03 17:57:17,207 - Rosca - INFO - Getting winner for 2nd to n-1 rounds
2021-10-03 17:59:04,103 - Rosca - INFO - Getting winner for 2nd to n-1 rounds
2021-10-03 22:36:31,758 - Rosca - INFO - Activating subscription for user = Sarthak
2021-10-03 22:36:31,806 - Rosca - INFO - Activating subscription successful for user = Sarthak
2021-10-03 22:36:46,940 - Rosca - INFO - Activating subscription for user = testname
2021-10-03 22:36:47,003 - Rosca - INFO - Activating subscription successful for user = testname
2021-10-03 22:45:14,028 - Rosca - INFO - Getting users with pending invitations
2021-10-03 22:45:22,609 - Rosca - INFO - Getting users with pending invitations
2021-10-03 22:46:03,717 - Rosca - INFO - setGroupDates
2021-10-03 22:46:03,719 - Rosca - INFO - Getting winner at start
2021-10-03 22:54:09,981 - Rosca - INFO - Getting users with pending invitations
2021-10-03 22:54:18,558 - Rosca - INFO - Getting users with pending invitations
2021-10-03 22:54:28,953 - Rosca - INFO - setGroupDates
2021-10-03 22:54:28,953 - Rosca - INFO - Getting winner at start
2021-10-04 10:20:30,767 - Rosca - INFO - Getting users with pending invitations
2021-10-04 10:20:40,596 - Rosca - INFO - Getting users with pending invitations
2021-10-04 10:20:48,935 - Rosca - INFO - Getting users with pending invitations
2021-10-04 10:21:11,912 - Rosca - INFO - setGroupDates
2021-10-04 10:21:11,914 - Rosca - INFO - Getting winner at start
2021-10-04 10:26:56,819 - Rosca - INFO - Getting users with pending invitations
2021-10-04 10:27:26,587 - Rosca - INFO - Getting users with pending invitations
2021-10-04 10:27:40,339 - Rosca - INFO - setGroupDates
2021-10-04 10:27:40,340 - Rosca - INFO - Getting winner at start
2021-10-04 10:28:53,735 - Rosca - INFO - Getting users with pending invitations
2021-10-04 10:29:02,121 - Rosca - INFO - Getting users with pending invitations
2021-10-04 10:29:10,064 - Rosca - INFO - setGroupDates
2021-10-04 10:29:10,067 - Rosca - INFO - Getting winner at start
2021-10-04 12:20:45,031 - Rosca - INFO - Getting users with pending invitations
2021-10-04 12:20:52,972 - Rosca - INFO - Getting users with pending invitations
2021-10-04 12:21:03,215 - Rosca - INFO - setGroupDates
2021-10-04 12:21:03,216 - Rosca - INFO - Getting winner at start
2021-10-04 14:18:44,035 - Rosca - INFO - Getting users with pending invitations
2021-10-04 14:18:51,476 - Rosca - INFO - Getting users with pending invitations
2021-10-04 14:18:58,878 - Rosca - INFO - setGroupDates
2021-10-04 14:18:58,878 - Rosca - INFO - Getting winner at start
2021-10-04 19:30:57,981 - Rosca - INFO - Getting winner for 2nd to n-1 rounds
2021-10-04 19:31:05,709 - Rosca - INFO - Getting winner for 2nd to n-1 rounds
2021-10-04 19:32:46,180 - Rosca - INFO - Getting winner for 2nd to n-1 rounds
2021-10-04 20:26:03,017 - Rosca - INFO - Getting users with pending invitations
2021-10-04 20:26:08,015 - Rosca - INFO - Getting users with pending invitations
2021-10-04 20:26:57,386 - Rosca - INFO - Getting users with pending invitations
2021-10-04 20:26:58,486 - Rosca - INFO - Getting users with pending invitations
2021-10-04 20:27:11,832 - Rosca - INFO - Getting users with pending invitations
2021-10-04 20:27:13,230 - Rosca - INFO - Getting users with pending invitations
2021-10-04 20:27:29,032 - Rosca - INFO - setGroupDates
2021-10-04 20:27:29,033 - Rosca - INFO - Getting winner at start
2021-10-04 20:27:30,107 - Rosca - INFO - setGroupDates
2021-10-04 20:27:30,108 - Rosca - INFO - Getting winner at start
2021-10-06 19:01:16,123 - Rosca - INFO - Getting users with pending invitations
2021-10-06 19:11:40,780 - Rosca - INFO - Getting users with pending invitations
2021-10-06 19:11:50,376 - Rosca - INFO - Getting users with pending invitations
2021-10-06 19:12:00,669 - Rosca - INFO - setGroupDates
2021-10-06 19:12:00,670 - Rosca - INFO - Getting winner at start
2021-10-11 20:43:19,722 - Rosca - INFO - Getting users with pending invitations
2021-10-11 20:43:25,245 - Rosca - INFO - Getting users with pending invitations
2021-10-11 20:43:37,528 - Rosca - INFO - Getting users with pending invitations
2021-10-11 20:43:46,778 - Rosca - INFO - setGroupDates
2021-10-11 20:43:46,779 - Rosca - INFO - Getting winner at start
2021-10-11 20:43:51,470 - Rosca - INFO - Getting winner for 2nd to n-1 rounds
2021-10-19 20:23:01,037 - Rosca - INFO - Getting winner for 2nd to n-1 rounds
2021-10-19 20:23:06,839 - Rosca - INFO - Getting winner for 2nd to n-1 rounds
2021-10-19 20:23:08,905 - Rosca - INFO - Getting winner for 2nd to n-1 rounds
2021-10-19 20:23:10,541 - Rosca - INFO - Getting winner for 2nd to n-1 rounds
